<?xml version="1.0" encoding="UTF-8"?>
<coverage generated="1571056958849" clover="3.2.0">
  <project timestamp="1571056958849" name="All files">
    <metrics statements="59" coveredstatements="58" conditionals="36" coveredconditionals="34" methods="10" coveredmethods="10" elements="105" coveredelements="102" complexity="0" loc="59" ncloc="59" packages="1" files="4" classes="4"/>
    <file name="autocomplete.js" path="/Users/noriste/Sites/noriste/npr/src/autocomplete.js">
      <metrics statements="13" coveredstatements="13" conditionals="6" coveredconditionals="6" methods="2" coveredmethods="2"/>
      <line num="3" count="2" type="stmt"/>
      <line num="5" count="5" type="cond" truecount="2" falsecount="0"/>
      <line num="6" count="1" type="stmt"/>
      <line num="9" count="4" type="stmt"/>
      <line num="10" count="4" type="stmt"/>
      <line num="12" count="4" type="cond" truecount="2" falsecount="0"/>
      <line num="13" count="3" type="stmt"/>
      <line num="14" count="1" type="stmt"/>
      <line num="17" count="4" type="cond" truecount="2" falsecount="0"/>
      <line num="18" count="1" type="stmt"/>
      <line num="21" count="3" type="stmt"/>
      <line num="27" count="3" type="stmt"/>
      <line num="30" count="2" type="stmt"/>
    </file>
    <file name="index.js" path="/Users/noriste/Sites/noriste/npr/src/index.js">
      <metrics statements="13" coveredstatements="13" conditionals="0" coveredconditionals="0" methods="4" coveredmethods="4"/>
      <line num="3" count="1" type="stmt"/>
      <line num="4" count="1" type="stmt"/>
      <line num="5" count="1" type="stmt"/>
      <line num="6" count="1" type="stmt"/>
      <line num="8" count="1" type="stmt"/>
      <line num="9" count="1" type="stmt"/>
      <line num="10" count="1" type="stmt"/>
      <line num="11" count="1" type="stmt"/>
      <line num="13" count="1" type="stmt"/>
      <line num="14" count="1" type="stmt"/>
      <line num="15" count="1" type="stmt"/>
      <line num="16" count="1" type="stmt"/>
      <line num="22" count="1" type="stmt"/>
    </file>
    <file name="parse-cmd.js" path="/Users/noriste/Sites/noriste/npr/src/parse-cmd.js">
      <metrics statements="22" coveredstatements="22" conditionals="28" coveredconditionals="27" methods="1" coveredmethods="1"/>
      <line num="3" count="2" type="cond" truecount="1" falsecount="0"/>
      <line num="4" count="64" type="cond" truecount="2" falsecount="0"/>
      <line num="5" count="31" type="stmt"/>
      <line num="7" count="64" type="cond" truecount="2" falsecount="0"/>
      <line num="8" count="1" type="stmt"/>
      <line num="11" count="63" type="stmt"/>
      <line num="14" count="63" type="cond" truecount="4" falsecount="0"/>
      <line num="15" count="2" type="stmt"/>
      <line num="16" count="2" type="stmt"/>
      <line num="19" count="63" type="cond" truecount="4" falsecount="0"/>
      <line num="20" count="20" type="stmt"/>
      <line num="23" count="63" type="cond" truecount="5" falsecount="0"/>
      <line num="24" count="20" type="stmt"/>
      <line num="25" count="20" type="stmt"/>
      <line num="28" count="63" type="stmt"/>
      <line num="30" count="63" type="stmt"/>
      <line num="31" count="63" type="cond" truecount="2" falsecount="0"/>
      <line num="32" count="18" type="stmt"/>
      <line num="34" count="63" type="cond" truecount="4" falsecount="0"/>
      <line num="35" count="18" type="stmt"/>
      <line num="38" count="63" type="cond" truecount="3" falsecount="1"/>
      <line num="41" count="2" type="stmt"/>
    </file>
    <file name="read-npm-scripts.js" path="/Users/noriste/Sites/noriste/npr/src/read-npm-scripts.js">
      <metrics statements="11" coveredstatements="10" conditionals="2" coveredconditionals="1" methods="3" coveredmethods="3"/>
      <line num="3" count="1" type="stmt"/>
      <line num="5" count="1" type="stmt"/>
      <line num="6" count="2" type="stmt"/>
      <line num="7" count="2" type="stmt"/>
      <line num="8" count="2" type="cond" truecount="1" falsecount="1"/>
      <line num="9" count="0" type="stmt"/>
      <line num="11" count="2" type="stmt"/>
      <line num="12" count="2" type="stmt"/>
      <line num="13" count="2" type="stmt"/>
      <line num="14" count="2" type="stmt"/>
      <line num="18" count="1" type="stmt"/>
    </file>
  </project>
</coverage>
