{"/Users/noriste/Sites/noriste/nprr/src/autocomplete.js": {"path":"/Users/noriste/Sites/noriste/nprr/src/autocomplete.js","statementMap":{"0":{"start":{"line":3,"column":21},"end":{"line":28,"column":1}},"1":{"start":{"line":5,"column":2},"end":{"line":7,"column":3}},"2":{"start":{"line":6,"column":4},"end":{"line":6,"column":35}},"3":{"start":{"line":9,"column":13},"end":{"line":9,"column":33}},"4":{"start":{"line":10,"column":16},"end":{"line":10,"column":25}},"5":{"start":{"line":12,"column":2},"end":{"line":15,"column":3}},"6":{"start":{"line":13,"column":4},"end":{"line":13,"column":54}},"7":{"start":{"line":13,"column":31},"end":{"line":13,"column":52}},"8":{"start":{"line":14,"column":4},"end":{"line":14,"column":38}},"9":{"start":{"line":17,"column":2},"end":{"line":19,"column":3}},"10":{"start":{"line":18,"column":4},"end":{"line":18,"column":44}},"11":{"start":{"line":21,"column":17},"end":{"line":25,"column":4}},"12":{"start":{"line":27,"column":2},"end":{"line":27,"column":22}},"13":{"start":{"line":30,"column":0},"end":{"line":32,"column":2}}},"fnMap":{"0":{"name":"(anonymous_0)","decl":{"start":{"line":3,"column":21},"end":{"line":3,"column":22}},"loc":{"start":{"line":3,"column":46},"end":{"line":28,"column":1}},"line":3},"1":{"name":"(anonymous_1)","decl":{"start":{"line":13,"column":23},"end":{"line":13,"column":24}},"loc":{"start":{"line":13,"column":31},"end":{"line":13,"column":52}},"line":13}},"branchMap":{"0":{"loc":{"start":{"line":5,"column":2},"end":{"line":7,"column":3}},"type":"if","locations":[{"start":{"line":5,"column":2},"end":{"line":7,"column":3}},{"start":{"line":5,"column":2},"end":{"line":7,"column":3}}],"line":5},"1":{"loc":{"start":{"line":12,"column":2},"end":{"line":15,"column":3}},"type":"if","locations":[{"start":{"line":12,"column":2},"end":{"line":15,"column":3}},{"start":{"line":12,"column":2},"end":{"line":15,"column":3}}],"line":12},"2":{"loc":{"start":{"line":17,"column":2},"end":{"line":19,"column":3}},"type":"if","locations":[{"start":{"line":17,"column":2},"end":{"line":19,"column":3}},{"start":{"line":17,"column":2},"end":{"line":19,"column":3}}],"line":17}},"s":{"0":2,"1":5,"2":1,"3":4,"4":4,"5":4,"6":1,"7":3,"8":1,"9":4,"10":1,"11":3,"12":3,"13":2},"f":{"0":5,"1":3},"b":{"0":[1,4],"1":[1,3],"2":[1,3]},"_coverageSchema":"43e27e138ebf9cfc5966b082cf9a028302ed4184","hash":"779416dc7b54811fe9064c1e311459851d441c22"}
,"/Users/noriste/Sites/noriste/nprr/src/index.js": {"path":"/Users/noriste/Sites/noriste/nprr/src/index.js","statementMap":{"0":{"start":{"line":3,"column":12},"end":{"line":3,"column":26}},"1":{"start":{"line":4,"column":27},"end":{"line":4,"column":59}},"2":{"start":{"line":5,"column":25},"end":{"line":5,"column":53}},"3":{"start":{"line":6,"column":21},"end":{"line":6,"column":46}},"4":{"start":{"line":8,"column":13},"end":{"line":20,"column":1}},"5":{"start":{"line":9,"column":34},"end":{"line":9,"column":48}},"6":{"start":{"line":10,"column":2},"end":{"line":19,"column":26}},"7":{"start":{"line":11,"column":21},"end":{"line":11,"column":75}},"8":{"start":{"line":13,"column":6},"end":{"line":17,"column":9}},"9":{"start":{"line":14,"column":23},"end":{"line":14,"column":43}},"10":{"start":{"line":15,"column":8},"end":{"line":15,"column":24}},"11":{"start":{"line":16,"column":8},"end":{"line":16,"column":24}},"12":{"start":{"line":22,"column":0},"end":{"line":22,"column":22}}},"fnMap":{"0":{"name":"(anonymous_0)","decl":{"start":{"line":8,"column":13},"end":{"line":8,"column":14}},"loc":{"start":{"line":8,"column":21},"end":{"line":20,"column":1}},"line":8},"1":{"name":"(anonymous_1)","decl":{"start":{"line":11,"column":10},"end":{"line":11,"column":11}},"loc":{"start":{"line":11,"column":21},"end":{"line":11,"column":75}},"line":11},"2":{"name":"(anonymous_2)","decl":{"start":{"line":12,"column":10},"end":{"line":12,"column":11}},"loc":{"start":{"line":12,"column":20},"end":{"line":18,"column":5}},"line":12},"3":{"name":"(anonymous_3)","decl":{"start":{"line":13,"column":25},"end":{"line":13,"column":26}},"loc":{"start":{"line":13,"column":36},"end":{"line":17,"column":7}},"line":13}},"branchMap":{},"s":{"0":1,"1":1,"2":1,"3":1,"4":1,"5":1,"6":1,"7":1,"8":1,"9":1,"10":1,"11":1,"12":1},"f":{"0":1,"1":1,"2":1,"3":1},"b":{},"_coverageSchema":"43e27e138ebf9cfc5966b082cf9a028302ed4184","hash":"d8db037e4e227d2ef8be1af9d2f0effb10155b5c"}
,"/Users/noriste/Sites/noriste/nprr/src/parse-cmd.js": {"path":"/Users/noriste/Sites/noriste/nprr/src/parse-cmd.js","statementMap":{"0":{"start":{"line":3,"column":17},"end":{"line":39,"column":1}},"1":{"start":{"line":4,"column":2},"end":{"line":6,"column":3}},"2":{"start":{"line":5,"column":4},"end":{"line":5,"column":31}},"3":{"start":{"line":7,"column":2},"end":{"line":9,"column":3}},"4":{"start":{"line":8,"column":4},"end":{"line":8,"column":68}},"5":{"start":{"line":11,"column":2},"end":{"line":11,"column":23}},"6":{"start":{"line":14,"column":2},"end":{"line":17,"column":3}},"7":{"start":{"line":15,"column":4},"end":{"line":15,"column":19}},"8":{"start":{"line":16,"column":4},"end":{"line":16,"column":19}},"9":{"start":{"line":19,"column":2},"end":{"line":21,"column":3}},"10":{"start":{"line":20,"column":4},"end":{"line":20,"column":19}},"11":{"start":{"line":23,"column":2},"end":{"line":26,"column":3}},"12":{"start":{"line":24,"column":4},"end":{"line":24,"column":19}},"13":{"start":{"line":25,"column":4},"end":{"line":25,"column":19}},"14":{"start":{"line":28,"column":33},"end":{"line":28,"column":39}},"15":{"start":{"line":30,"column":27},"end":{"line":30,"column":31}},"16":{"start":{"line":31,"column":2},"end":{"line":33,"column":3}},"17":{"start":{"line":32,"column":4},"end":{"line":32,"column":27}},"18":{"start":{"line":34,"column":2},"end":{"line":36,"column":3}},"19":{"start":{"line":35,"column":4},"end":{"line":35,"column":20}},"20":{"start":{"line":38,"column":2},"end":{"line":38,"column":66}},"21":{"start":{"line":41,"column":0},"end":{"line":43,"column":2}}},"fnMap":{"0":{"name":"(anonymous_0)","decl":{"start":{"line":3,"column":17},"end":{"line":3,"column":18}},"loc":{"start":{"line":3,"column":34},"end":{"line":39,"column":1}},"line":3}},"branchMap":{"0":{"loc":{"start":{"line":3,"column":18},"end":{"line":3,"column":29}},"type":"default-arg","locations":[{"start":{"line":3,"column":27},"end":{"line":3,"column":29}}],"line":3},"1":{"loc":{"start":{"line":4,"column":2},"end":{"line":6,"column":3}},"type":"if","locations":[{"start":{"line":4,"column":2},"end":{"line":6,"column":3}},{"start":{"line":4,"column":2},"end":{"line":6,"column":3}}],"line":4},"2":{"loc":{"start":{"line":7,"column":2},"end":{"line":9,"column":3}},"type":"if","locations":[{"start":{"line":7,"column":2},"end":{"line":9,"column":3}},{"start":{"line":7,"column":2},"end":{"line":9,"column":3}}],"line":7},"3":{"loc":{"start":{"line":14,"column":2},"end":{"line":17,"column":3}},"type":"if","locations":[{"start":{"line":14,"column":2},"end":{"line":17,"column":3}},{"start":{"line":14,"column":2},"end":{"line":17,"column":3}}],"line":14},"4":{"loc":{"start":{"line":14,"column":6},"end":{"line":14,"column":53}},"type":"binary-expr","locations":[{"start":{"line":14,"column":6},"end":{"line":14,"column":19}},{"start":{"line":14,"column":23},"end":{"line":14,"column":53}}],"line":14},"5":{"loc":{"start":{"line":19,"column":2},"end":{"line":21,"column":3}},"type":"if","locations":[{"start":{"line":19,"column":2},"end":{"line":21,"column":3}},{"start":{"line":19,"column":2},"end":{"line":21,"column":3}}],"line":19},"6":{"loc":{"start":{"line":19,"column":6},"end":{"line":19,"column":42}},"type":"binary-expr","locations":[{"start":{"line":19,"column":6},"end":{"line":19,"column":19}},{"start":{"line":19,"column":23},"end":{"line":19,"column":42}}],"line":19},"7":{"loc":{"start":{"line":23,"column":2},"end":{"line":26,"column":3}},"type":"if","locations":[{"start":{"line":23,"column":2},"end":{"line":26,"column":3}},{"start":{"line":23,"column":2},"end":{"line":26,"column":3}}],"line":23},"8":{"loc":{"start":{"line":23,"column":6},"end":{"line":23,"column":69}},"type":"binary-expr","locations":[{"start":{"line":23,"column":6},"end":{"line":23,"column":23}},{"start":{"line":23,"column":27},"end":{"line":23,"column":46}},{"start":{"line":23,"column":50},"end":{"line":23,"column":69}}],"line":23},"9":{"loc":{"start":{"line":31,"column":2},"end":{"line":33,"column":3}},"type":"if","locations":[{"start":{"line":31,"column":2},"end":{"line":33,"column":3}},{"start":{"line":31,"column":2},"end":{"line":33,"column":3}}],"line":31},"10":{"loc":{"start":{"line":34,"column":2},"end":{"line":36,"column":3}},"type":"if","locations":[{"start":{"line":34,"column":2},"end":{"line":36,"column":3}},{"start":{"line":34,"column":2},"end":{"line":36,"column":3}}],"line":34},"11":{"loc":{"start":{"line":34,"column":6},"end":{"line":34,"column":63}},"type":"binary-expr","locations":[{"start":{"line":34,"column":6},"end":{"line":34,"column":28}},{"start":{"line":34,"column":32},"end":{"line":34,"column":63}}],"line":34},"12":{"loc":{"start":{"line":38,"column":23},"end":{"line":38,"column":39}},"type":"binary-expr","locations":[{"start":{"line":38,"column":23},"end":{"line":38,"column":33}},{"start":{"line":38,"column":37},"end":{"line":38,"column":39}}],"line":38},"13":{"loc":{"start":{"line":38,"column":50},"end":{"line":38,"column":63}},"type":"binary-expr","locations":[{"start":{"line":38,"column":50},"end":{"line":38,"column":57}},{"start":{"line":38,"column":61},"end":{"line":38,"column":63}}],"line":38}},"s":{"0":2,"1":64,"2":31,"3":64,"4":1,"5":63,"6":63,"7":2,"8":2,"9":63,"10":20,"11":63,"12":20,"13":20,"14":63,"15":63,"16":63,"17":18,"18":63,"19":18,"20":63,"21":2},"f":{"0":64},"b":{"0":[1],"1":[31,33],"2":[1,63],"3":[2,61],"4":[63,61],"5":[20,43],"6":[63,59],"7":[20,43],"8":[63,48,20],"9":[18,45],"10":[18,45],"11":[63,63],"12":[63,27],"13":[63,0]},"_coverageSchema":"43e27e138ebf9cfc5966b082cf9a028302ed4184","hash":"ba400b96a27778f4497d5e613ad20a284dc2f8ce"}
,"/Users/noriste/Sites/noriste/nprr/src/read-npm-scripts.js": {"path":"/Users/noriste/Sites/noriste/nprr/src/read-npm-scripts.js","statementMap":{"0":{"start":{"line":3,"column":12},"end":{"line":3,"column":26}},"1":{"start":{"line":5,"column":23},"end":{"line":16,"column":4}},"2":{"start":{"line":6,"column":2},"end":{"line":16,"column":4}},"3":{"start":{"line":7,"column":4},"end":{"line":15,"column":7}},"4":{"start":{"line":8,"column":6},"end":{"line":10,"column":7}},"5":{"start":{"line":9,"column":8},"end":{"line":9,"column":48}},"6":{"start":{"line":11,"column":30},"end":{"line":11,"column":95}},"7":{"start":{"line":12,"column":6},"end":{"line":12,"column":53}},"8":{"start":{"line":13,"column":26},"end":{"line":13,"column":50}},"9":{"start":{"line":14,"column":6},"end":{"line":14,"column":35}},"10":{"start":{"line":18,"column":0},"end":{"line":20,"column":2}}},"fnMap":{"0":{"name":"(anonymous_0)","decl":{"start":{"line":5,"column":23},"end":{"line":5,"column":24}},"loc":{"start":{"line":6,"column":2},"end":{"line":16,"column":4}},"line":6},"1":{"name":"(anonymous_1)","decl":{"start":{"line":6,"column":14},"end":{"line":6,"column":15}},"loc":{"start":{"line":6,"column":25},"end":{"line":16,"column":3}},"line":6},"2":{"name":"(anonymous_2)","decl":{"start":{"line":7,"column":13},"end":{"line":7,"column":14}},"loc":{"start":{"line":7,"column":19},"end":{"line":15,"column":5}},"line":7}},"branchMap":{"0":{"loc":{"start":{"line":8,"column":6},"end":{"line":10,"column":7}},"type":"if","locations":[{"start":{"line":8,"column":6},"end":{"line":10,"column":7}},{"start":{"line":8,"column":6},"end":{"line":10,"column":7}}],"line":8}},"s":{"0":1,"1":1,"2":2,"3":2,"4":2,"5":0,"6":2,"7":2,"8":2,"9":2,"10":1},"f":{"0":2,"1":2,"2":2},"b":{"0":[0,2]},"_coverageSchema":"43e27e138ebf9cfc5966b082cf9a028302ed4184","hash":"e133f92606524d9ee8952d9faeb6d29c581edd1b"}
}
