TN:
SF:/Users/noriste/Sites/noriste/npr/src/autocomplete.js
FN:3,(anonymous_0)
FN:13,(anonymous_1)
FNF:2
FNH:2
FNDA:5,(anonymous_0)
FNDA:3,(anonymous_1)
DA:3,2
DA:5,5
DA:6,1
DA:9,4
DA:10,4
DA:12,4
DA:13,3
DA:14,1
DA:17,4
DA:18,1
DA:21,3
DA:27,3
DA:30,2
LF:13
LH:13
BRDA:5,0,0,1
BRDA:5,0,1,4
BRDA:12,1,0,1
BRDA:12,1,1,3
BRDA:17,2,0,1
BRDA:17,2,1,3
BRF:6
BRH:6
end_of_record
TN:
SF:/Users/noriste/Sites/noriste/npr/src/index.js
FN:8,(anonymous_0)
FN:11,(anonymous_1)
FN:12,(anonymous_2)
FN:13,(anonymous_3)
FNF:4
FNH:4
FNDA:1,(anonymous_0)
FNDA:1,(anonymous_1)
FNDA:1,(anonymous_2)
FNDA:1,(anonymous_3)
DA:3,1
DA:4,1
DA:5,1
DA:6,1
DA:8,1
DA:9,1
DA:10,1
DA:11,1
DA:13,1
DA:14,1
DA:15,1
DA:16,1
DA:22,1
LF:13
LH:13
BRF:0
BRH:0
end_of_record
TN:
SF:/Users/noriste/Sites/noriste/npr/src/parse-cmd.js
FN:3,(anonymous_0)
FNF:1
FNH:1
FNDA:64,(anonymous_0)
DA:3,2
DA:4,64
DA:5,31
DA:7,64
DA:8,1
DA:11,63
DA:14,63
DA:15,2
DA:16,2
DA:19,63
DA:20,20
DA:23,63
DA:24,20
DA:25,20
DA:28,63
DA:30,63
DA:31,63
DA:32,18
DA:34,63
DA:35,18
DA:38,63
DA:41,2
LF:22
LH:22
BRDA:3,0,0,1
BRDA:4,1,0,31
BRDA:4,1,1,33
BRDA:7,2,0,1
BRDA:7,2,1,63
BRDA:14,3,0,2
BRDA:14,3,1,61
BRDA:14,4,0,63
BRDA:14,4,1,61
BRDA:19,5,0,20
BRDA:19,5,1,43
BRDA:19,6,0,63
BRDA:19,6,1,59
BRDA:23,7,0,20
BRDA:23,7,1,43
BRDA:23,8,0,63
BRDA:23,8,1,48
BRDA:23,8,2,20
BRDA:31,9,0,18
BRDA:31,9,1,45
BRDA:34,10,0,18
BRDA:34,10,1,45
BRDA:34,11,0,63
BRDA:34,11,1,63
BRDA:38,12,0,63
BRDA:38,12,1,27
BRDA:38,13,0,63
BRDA:38,13,1,0
BRF:28
BRH:27
end_of_record
TN:
SF:/Users/noriste/Sites/noriste/npr/src/read-npm-scripts.js
FN:5,(anonymous_0)
FN:6,(anonymous_1)
FN:7,(anonymous_2)
FNF:3
FNH:3
FNDA:2,(anonymous_0)
FNDA:2,(anonymous_1)
FNDA:2,(anonymous_2)
DA:3,1
DA:5,1
DA:6,2
DA:7,2
DA:8,2
DA:9,0
DA:11,2
DA:12,2
DA:13,2
DA:14,2
DA:18,1
LF:11
LH:10
BRDA:8,0,0,0
BRDA:8,0,1,2
BRF:2
BRH:1
end_of_record
